20160206154452
$ git clone "git@repo.tanakalab.org:team_tanaka/tanakalab-v2.git" "/var/www/html/tanakalab-v2/releases/20160206155619" --branch="master" --depth="1"
git clone "git@repo.tanakalab.org:team_tanaka/tanakalab-v2.git" "/var/www/html/tanakalab-v2/releases/20160206155619" --branch="master" --depth="1"
Initialized empty Git repository in /var/www/html/tanakalab-v2/releases/20160206155619/.git/
$ cd /var/www/html/tanakalab-v2/releases/20160206155619
$ git submodule update --init --recursive
cd /var/www/html/tanakalab-v2/releases/20160206155619
git submodule update --init --recursive

which: no bundle in (/usr/local/bin:/bin:/usr/bin)
/usr/bin/composer
$ cd /var/www/html/tanakalab-v2/releases/20160206155619
$ /usr/bin/composer install --no-interaction --no-dev --prefer-dist
cd /var/www/html/tanakalab-v2/releases/20160206155619
/usr/bin/composer install --no-interaction --no-dev --prefer-dist
Loading composer repositories with package information
Installing dependencies from lock file
Warning: The lock file is not up to date with the latest changes in composer.json. You may be getting outdated dependencies. Run update to update them.
  - Installing cebe/markdown (1.0.2)
    Loading from cache

  - Installing nikic/php-parser (v2.0.0)
    Loading from cache

  - Installing classpreloader/classpreloader (3.0.0)
    Loading from cache

  - Installing doctrine/lexer (v1.0.1)
    Loading from cache

  - Installing doctrine/annotations (v1.2.7)
    Loading from cache

  - Installing doctrine/cache (v1.6.0)
    Loading from cache

  - Installing doctrine/collections (v1.3.0)
    Loading from cache

  - Installing doctrine/inflector (v1.1.0)
    Loading from cache

  - Installing doctrine/common (v2.5.3)
    Loading from cache

  - Installing doctrine/dbal (v2.5.1)
    Loading from cache

  - Installing league/commonmark (0.12.0)
    Loading from cache

  - Installing vlucas/phpdotenv (v2.2.0)
    Loading from cache

  - Installing symfony/polyfill-mbstring (v1.0.1)
    Loading from cache

  - Installing symfony/var-dumper (v3.0.1)
    Loading from cache

  - Installing symfony/translation (v3.0.1)
    Loading from cache

  - Installing symfony/routing (v3.0.1)
    Loading from cache

  - Installing symfony/process (v3.0.1)
    Loading from cache

  - Installing symfony/polyfill-util (v1.0.1)
    Loading from cache

  - Installing symfony/polyfill-php56 (v1.0.1)
    Loading from cache

  - Installing symfony/http-foundation (v3.0.1)
    Loading from cache

  - Installing symfony/event-dispatcher (v3.0.1)
    Loading from cache

  - Installing psr/log (1.0.0)
    Loading from cache

  - Installing symfony/debug (v3.0.1)
    Loading from cache

  - Installing symfony/http-kernel (v3.0.1)
    Loading from cache

  - Installing symfony/finder (v3.0.1)
    Loading from cache

  - Installing symfony/console (v3.0.1)
    Loading from cache

  - Installing swiftmailer/swiftmailer (v5.4.1)
    Loading from cache

  - Installing jakub-onderka/php-console-color (0.1)
    Loading from cache

  - Installing jakub-onderka/php-console-highlighter (v0.3.2)
    Loading from cache

  - Installing dnoegel/php-xdg-base-dir (0.1)
    Loading from cache

  - Installing psy/psysh (v0.6.1)
    Loading from cache

  - Installing paragonie/random_compat (1.1.5)
    Loading from cache

  - Installing nesbot/carbon (1.21.0)
    Loading from cache

  - Installing mtdowling/cron-expression (v1.0.4)
    Loading from cache

  - Installing monolog/monolog (1.17.2)
    Loading from cache

  - Installing league/flysystem (1.0.16)
    Loading from cache

  - Installing jeremeamia/superclosure (2.2.0)
    Loading from cache

  - Installing laravel/framework (v5.2.7)
    Loading from cache

  - Installing graham-campbell/markdown (v5.3.0)
    Loading from cache

  - Installing react/promise (v2.2.1)
    Loading from cache

  - Installing guzzlehttp/streams (3.0.0)
    Loading from cache

  - Installing guzzlehttp/ringphp (1.1.0)
    Loading from cache

  - Installing guzzlehttp/guzzle (5.3.0)
    Loading from cache

  - Installing laravelcollective/html (v5.2)
    Loading from cache

  - Installing pda/pheanstalk (v3.1.0)
    Loading from cache

  - Installing phpseclib/phpseclib (0.3.10)
    Loading from cache

  - Installing prettus/l5-repository (2.1.6)
    Loading from cache

  - Installing pusher/pusher-php-server (v2.2.1)
    Loading from cache

  - Installing namshi/jose (5.0.2)
    Loading from cache

  - Installing tymon/jwt-auth (0.5.6)
    Loading from cache

Generating autoload files
> php artisan clear-compiled
> php artisan optimize
Generating optimized class loader
Compiling common classes
/usr/local/bin/npm
$ cd /var/www/html/tanakalab-v2/releases/20160206155619
$ /usr/local/bin/npm install
cd /var/www/html/tanakalab-v2/releases/20160206155619
/usr/local/bin/npm install
npm WARN optional dep failed, continuing fsevents@1.0.7
npm WARN deprecated lodash@1.0.2: lodash@<3.0.0 is no longer maintained. Upgrade to lodash@^4.0.0
npm WARN deprecated lodash@2.4.2: lodash@<3.0.0 is no longer maintained. Upgrade to lodash@^4.0.0
npm WARN optional dep failed, continuing fsevents@1.0.7
npm WARN optional dep failed, continuing fsevents@1.0.7

> utf-8-validate@1.2.1 install /var/www/html/tanakalab-v2/releases/20160206155619/node_modules/laravel-elixir/node_modules/browser-sync/node_modules/socket.io/node_modules/engine.io/node_modules/ws/node_modules/utf-8-validate
> node-gyp rebuild

make: Entering directory `/var/www/html/tanakalab-v2/releases/20160206155619/node_modules/laravel-elixir/node_modules/browser-sync/node_modules/socket.io/node_modules/engine.io/node_modules/ws/node_modules/utf-8-validate/build'
  CXX(target) Release/obj.target/validation/src/validation.o
  SOLINK_MODULE(target) Release/obj.target/validation.node
  COPY Release/validation.node
make: Leaving directory `/var/www/html/tanakalab-v2/releases/20160206155619/node_modules/laravel-elixir/node_modules/browser-sync/node_modules/socket.io/node_modules/engine.io/node_modules/ws/node_modules/utf-8-validate/build'

> bufferutil@1.2.1 install /var/www/html/tanakalab-v2/releases/20160206155619/node_modules/laravel-elixir/node_modules/browser-sync/node_modules/socket.io/node_modules/engine.io/node_modules/ws/node_modules/bufferutil
> node-gyp rebuild

make: Entering directory `/var/www/html/tanakalab-v2/releases/20160206155619/node_modules/laravel-elixir/node_modules/browser-sync/node_modules/socket.io/node_modules/engine.io/node_modules/ws/node_modules/bufferutil/build'
  CXX(target) Release/obj.target/bufferutil/src/bufferutil.o
  SOLINK_MODULE(target) Release/obj.target/bufferutil.node
  COPY Release/bufferutil.node
make: Leaving directory `/var/www/html/tanakalab-v2/releases/20160206155619/node_modules/laravel-elixir/node_modules/browser-sync/node_modules/socket.io/node_modules/engine.io/node_modules/ws/node_modules/bufferutil/build'

> bufferutil@1.2.1 install /var/www/html/tanakalab-v2/releases/20160206155619/node_modules/laravel-elixir/node_modules/browser-sync/node_modules/socket.io/node_modules/socket.io-client/node_modules/engine.io-client/node_modules/ws/node_modules/bufferutil
> node-gyp rebuild

make: Entering directory `/var/www/html/tanakalab-v2/releases/20160206155619/node_modules/laravel-elixir/node_modules/browser-sync/node_modules/socket.io/node_modules/socket.io-client/node_modules/engine.io-client/node_modules/ws/node_modules/bufferutil/build'
  CXX(target) Release/obj.target/bufferutil/src/bufferutil.o
  SOLINK_MODULE(target) Release/obj.target/bufferutil.node
  COPY Release/bufferutil.node
make: Leaving directory `/var/www/html/tanakalab-v2/releases/20160206155619/node_modules/laravel-elixir/node_modules/browser-sync/node_modules/socket.io/node_modules/socket.io-client/node_modules/engine.io-client/node_modules/ws/node_modules/bufferutil/build'

> utf-8-validate@1.2.1 install /var/www/html/tanakalab-v2/releases/20160206155619/node_modules/laravel-elixir/node_modules/browser-sync/node_modules/socket.io/node_modules/socket.io-client/node_modules/engine.io-client/node_modules/ws/node_modules/utf-8-validate
> node-gyp rebuild

make: Entering directory `/var/www/html/tanakalab-v2/releases/20160206155619/node_modules/laravel-elixir/node_modules/browser-sync/node_modules/socket.io/node_modules/socket.io-client/node_modules/engine.io-client/node_modules/ws/node_modules/utf-8-validate/build'
  CXX(target) Release/obj.target/validation/src/validation.o
  SOLINK_MODULE(target) Release/obj.target/validation.node
  COPY Release/validation.node
make: Leaving directory `/var/www/html/tanakalab-v2/releases/20160206155619/node_modules/laravel-elixir/node_modules/browser-sync/node_modules/socket.io/node_modules/socket.io-client/node_modules/engine.io-client/node_modules/ws/node_modules/utf-8-validate/build'
npm WARN deprecated npmconf@2.1.2: this package has been reintegrated into npm and is now out of date with respect to npm

> expect@1.14.0 postinstall /var/www/html/tanakalab-v2/releases/20160206155619/node_modules/laravel-elixir/node_modules/gulp-phpspec/node_modules/expect
> node ./npm-scripts/postinstall.js


> spawn-sync@1.0.15 postinstall /var/www/html/tanakalab-v2/releases/20160206155619/node_modules/laravel-elixir/node_modules/gulp-sass/node_modules/node-sass/node_modules/cross-spawn/node_modules/spawn-sync
> node postinstall


> node-sass@3.4.2 install /var/www/html/tanakalab-v2/releases/20160206155619/node_modules/laravel-elixir/node_modules/gulp-sass/node_modules/node-sass
> node scripts/install.js

Binary downloaded and installed at /var/www/html/tanakalab-v2/releases/20160206155619/node_modules/laravel-elixir/node_modules/gulp-sass/node_modules/node-sass/vendor/linux-x64-14/binding.node

> node-sass@3.4.2 postinstall /var/www/html/tanakalab-v2/releases/20160206155619/node_modules/laravel-elixir/node_modules/gulp-sass/node_modules/node-sass
> node scripts/build.js

` /var/www/html/tanakalab-v2/releases/20160206155619/node_modules/laravel-elixir/node_modules/gulp-sass/node_modules/node-sass/vendor/linux-x64-14/binding.node ` exists. 
 testing binary.
Binary is fine; exiting.
gulp@3.9.0 node_modules/gulp
├── interpret@0.6.6
├── pretty-hrtime@1.0.1
├── deprecated@0.0.1
├── archy@1.0.0
├── tildify@1.1.2 (os-homedir@1.0.1)
├── minimist@1.2.0
├── v8flags@2.0.11 (user-home@1.1.1)
├── chalk@1.1.1 (escape-string-regexp@1.0.4, supports-color@2.0.0, ansi-styles@2.1.0, strip-ansi@3.0.0, has-ansi@2.0.0)
├── semver@4.3.6
├── orchestrator@0.3.7 (stream-consume@0.1.0, sequencify@0.0.7, end-of-stream@0.1.5)
├── liftoff@2.2.0 (extend@2.0.1, rechoir@0.6.2, flagged-respawn@0.3.1, resolve@1.1.7, findup-sync@0.3.0)
├── gulp-util@3.0.7 (array-differ@1.0.0, array-uniq@1.0.2, lodash._reevaluate@3.0.0, lodash._reinterpolate@3.0.0, fancy-log@1.1.0, lodash._reescape@3.0.0, beeper@1.1.0, object-assign@3.0.0, replace-ext@0.0.1, has-gulplog@0.1.0, gulplog@1.0.0, vinyl@0.5.3, lodash.template@3.6.2, through2@2.0.0, multipipe@0.1.2, dateformat@1.0.12)
└── vinyl-fs@0.3.14 (graceful-fs@3.0.8, strip-bom@1.0.0, defaults@1.0.3, vinyl@0.4.6, mkdirp@0.5.1, through2@0.6.5, glob-stream@3.1.18, glob-watcher@0.0.6)

laravel-elixir@4.2.1 node_modules/laravel-elixir
├── gulp-rename@1.2.2
├── path@0.11.14
├── underscore-deep-extend@0.0.5
├── insert-css@0.2.0
├── underscore@1.8.3
├── require-dir@0.3.0
├── partialify@3.1.6 (string-to-js@0.0.1, through@2.3.8)
├── run-sequence@1.1.5 (chalk@1.1.1)
├── parse-filepath@0.5.0 (path-ends-with@0.2.3)
├── merge-stream@0.1.8 (through2@0.6.5)
├── vinyl-paths@1.0.0 (through2@0.6.5)
├── glob@5.0.15 (path-is-absolute@1.0.0, inherits@2.0.1, once@1.3.3, inflight@1.0.4, minimatch@3.0.0)
├── vinyl-source-stream@1.1.0 (vinyl@0.4.6, through2@0.6.5)
├── gulp-rev@5.1.0 (rev-hash@1.0.0, object-assign@2.1.1, rev-path@1.0.0, sort-keys@1.1.1, vinyl-file@1.3.0, through2@0.6.5)
├── vinyl-buffer@1.0.0 (through2@0.6.5, bl@0.9.5)
├── gulp-sourcemaps@1.6.0 (graceful-fs@4.1.3, strip-bom@2.0.0, convert-source-map@1.1.3, vinyl@1.1.1, through2@2.0.0)
├── gulp-batch@1.0.5 (async-done@1.2.0, stream-array@1.1.1)
├── gulp-rev-replace@0.4.3 (through2@2.0.0)
├── gulp-load-plugins@1.2.0 (multimatch@2.0.0, resolve@1.1.7, findup-sync@0.2.1)
├── del@1.2.1 (is-path-cwd@1.0.0, object-assign@3.0.0, each-async@1.1.1, is-path-in-cwd@1.0.0, globby@2.1.0, rimraf@2.5.1)
├── gulp-if@1.2.5 (through2@0.6.5, gulp-match@0.2.1, ternary-stream@1.2.3)
├── gulp-coffee@2.3.1 (merge@1.2.0, through2@0.6.5, coffee-script@1.10.0, vinyl-sourcemaps-apply@0.1.4)
├── gulp-watch@4.3.5 (path-is-absolute@1.0.0, glob2base@0.0.12, vinyl@0.5.3, vinyl-file@1.3.0, readable-stream@2.0.5, anymatch@1.3.0, chokidar@1.4.2)
├── gulp-util@3.0.7 (array-differ@1.0.0, array-uniq@1.0.2, fancy-log@1.1.0, beeper@1.1.0, lodash._reevaluate@3.0.0, lodash._reescape@3.0.0, lodash._reinterpolate@3.0.0, object-assign@3.0.0, replace-ext@0.0.1, has-gulplog@0.1.0, minimist@1.2.0, vinyl@0.5.3, gulplog@1.0.0, chalk@1.1.1, lodash.template@3.6.2, through2@2.0.0, multipipe@0.1.2, dateformat@1.0.12)
├── gulp-concat@2.6.0 (through2@0.6.5, concat-with-sourcemaps@1.0.4)
├── gulp-uglify@1.5.1 (uglify-save-license@0.4.1, deap@1.0.0, isobject@2.0.0, through2@2.0.0, fancy-log@1.1.0, vinyl-sourcemaps-apply@0.2.1, uglify-js@2.6.0)
├── browserify@11.2.0 (https-browserify@0.0.1, htmlescape@1.1.0, tty-browserify@0.0.0, builtins@0.0.7, constants-browserify@0.0.1, path-browserify@0.0.0, os-browserify@0.1.2, isarray@0.0.1, inherits@2.0.1, commondir@0.0.1, string_decoder@0.10.31, process@0.11.2, browser-resolve@1.11.1, stream-browserify@2.0.1, shell-quote@0.0.1, defined@1.0.0, punycode@1.4.0, xtend@4.0.1, querystring-es3@0.2.1, assert@1.3.0, timers-browserify@1.4.2, domain-browser@1.1.7, deps-sort@1.3.9, util@0.10.3, events@1.0.2, parents@1.0.1, has@1.0.1, vm-browserify@0.0.4, console-browserify@1.1.0, subarg@1.0.0, shasum@1.0.2, url@0.10.3, readable-stream@2.0.5, through2@1.1.1, stream-http@1.7.1, duplexer2@0.0.2, concat-stream@1.4.10, read-only-stream@1.1.1, resolve@1.1.7, buffer@3.6.0, glob@4.5.3, labeled-stream-splicer@1.0.2, browser-pack@5.0.1, JSONStream@1.0.7, syntax-error@1.1.5, crypto-browserify@3.11.0, insert-module-globals@6.6.3, browserify-zlib@0.1.4, module-deps@3.9.1)
├── watchify@3.7.0 (defined@1.0.0, xtend@4.0.1, outpipe@1.1.1, through2@2.0.0, anymatch@1.3.0, chokidar@1.4.2, browserify@13.0.0)
├── gulp-notify@2.2.0 (node.extend@1.1.5, lodash.template@3.6.2, through2@0.6.5, node-notifier@4.4.0)
├── gulp-shell@0.5.2 (async@1.5.2, through2@2.0.0, lodash@4.2.1)
├── gulp-phpunit@0.11.3 (map-stream@0.0.6, chalk@1.1.1, gulp-util@2.2.20, lodash@3.10.1, node-notifier@4.3.1, gulp-messenger@0.7.0)
├── gulp-phpspec@0.5.3 (map-stream@0.0.4, chalk@1.1.1, jshint-stylish@1.0.2, chai@2.3.0, gulp-util@2.2.20, gulp-todo@2.6.2, gulp-logger@0.0.2, gulp-jshint@1.12.0, lodash@3.10.1, expect@1.14.0, jshint@2.9.1)
├── babel-preset-react@6.3.13 (babel-plugin-syntax-jsx@6.3.13, babel-plugin-transform-react-display-name@6.4.0, babel-plugin-transform-react-jsx@6.4.0, babel-plugin-transform-flow-strip-types@6.4.0, babel-plugin-syntax-flow@6.3.13, babel-plugin-transform-react-jsx-source@6.3.13)
├── babelify@7.2.0 (object-assign@4.0.1, babel-core@6.4.5)
├── gulp-babel@6.1.2 (object-assign@4.0.1, replace-ext@0.0.1, through2@2.0.0, vinyl-sourcemaps-apply@0.2.1, babel-core@6.4.5)
├── gulp-less@3.0.5 (object-assign@4.0.1, through2@2.0.0, vinyl-sourcemaps-apply@0.2.1, accord@0.20.5, less@2.6.0)
├── babel-preset-es2015@6.3.13 (babel-plugin-transform-es2015-unicode-regex@6.4.3, babel-plugin-transform-es2015-arrow-functions@6.4.0, babel-plugin-transform-es2015-spread@6.4.0, babel-plugin-transform-es2015-for-of@6.3.13, babel-plugin-transform-es2015-destructuring@6.4.0, babel-plugin-transform-es2015-function-name@6.4.0, babel-plugin-transform-es2015-computed-properties@6.4.0, babel-plugin-transform-es2015-typeof-symbol@6.4.3, babel-plugin-transform-es2015-literals@6.3.13, babel-plugin-transform-es2015-template-literals@6.3.13, babel-plugin-transform-es2015-shorthand-properties@6.3.13, babel-plugin-check-es2015-constants@6.3.13, babel-plugin-transform-es2015-object-super@6.4.0, babel-plugin-transform-es2015-block-scoped-functions@6.3.13, babel-plugin-transform-es2015-sticky-regex@6.3.13, babel-plugin-transform-es2015-modules-commonjs@6.4.5, babel-plugin-transform-es2015-block-scoping@6.4.0, babel-plugin-transform-es2015-parameters@6.4.5, babel-plugin-transform-es2015-classes@6.4.5, babel-plugin-transform-regenerator@6.4.4)
├── gulp-autoprefixer@2.3.1 (object-assign@2.1.1, through2@0.6.5, vinyl-sourcemaps-apply@0.1.4, postcss@4.1.16, autoprefixer-core@5.2.1)
├── gulp-cssnano@2.1.0 (object-assign@4.0.1, vinyl-sourcemaps-apply@0.2.1, cssnano@3.4.0)
├── browser-sync@2.11.1 (ucfirst@1.0.0, async-each-series@0.1.1, longest@1.0.1, emitter-steward@1.0.0, easy-extender@2.3.2, dev-ip@1.0.1, query-string@2.4.2, opn@3.0.3, browser-sync-client@2.4.1, ua-parser-js@0.7.10, portscanner@1.0.0, meow@3.3.0, serve-static@1.10.2, resp-modifier@5.0.2, connect@3.4.1, eazy-logger@2.1.2, immutable@3.7.6, foxy@11.1.4, micromatch@2.3.5, chokidar@1.4.1, bs-recipes@1.0.5, fs-extra@0.26.5, serve-index@1.7.3, localtunnel@1.8.1, socket.io@1.3.7, lodash@3.10.1, browser-sync-ui@0.5.17)
└── gulp-sass@2.2.0 (object-assign@4.0.1, through2@2.0.0, vinyl-sourcemaps-apply@0.2.1, node-sass@3.4.2)
/usr/local/bin/bower
$ cd /var/www/html/tanakalab-v2/releases/20160206155619
$ /usr/local/bin/bower install
cd /var/www/html/tanakalab-v2/releases/20160206155619
/usr/local/bin/bower install
bower jquery#2.*                cached git://github.com/jquery/jquery-dist.git#2.2.0
bower jquery#2.*              validate 2.2.0 against git://github.com/jquery/jquery-dist.git#2.*
bower marked#~0.3.*             cached git://github.com/chjj/marked.git#0.3.5
bower marked#~0.3.*           validate 0.3.5 against git://github.com/chjj/marked.git#~0.3.*
bower font-awesome#4.*          cached git://github.com/FortAwesome/Font-Awesome.git#4.5.0
bower font-awesome#4.*        validate 4.5.0 against git://github.com/FortAwesome/Font-Awesome.git#4.*
bower jquery#2.*               install jquery#2.2.0
bower marked#~0.3.*            install marked#0.3.5
bower font-awesome#4.*         install font-awesome#4.5.0

jquery#2.2.0 resources/assets/vendor/jquery

marked#0.3.5 resources/assets/vendor/marked

font-awesome#4.5.0 resources/assets/vendor/font-awesome
$ cd /var/www/html/tanakalab-v2/releases/20160206155619
$ chmod -R 755 /var/www/html/tanakalab-v2/releases/20160206155619/app/database/production.sqlite
$ chmod -R g+s /var/www/html/tanakalab-v2/releases/20160206155619/app/database/production.sqlite
$ chown -R www-data:www-data /var/www/html/tanakalab-v2/releases/20160206155619/app/database/production.sqlite
cd /var/www/html/tanakalab-v2/releases/20160206155619
chmod -R 755 /var/www/html/tanakalab-v2/releases/20160206155619/app/database/production.sqlite
chmod -R g+s /var/www/html/tanakalab-v2/releases/20160206155619/app/database/production.sqlite
chown -R www-data:www-data /var/www/html/tanakalab-v2/releases/20160206155619/app/database/production.sqlite
chmod: cannot access `/var/www/html/tanakalab-v2/releases/20160206155619/app/database/production.sqlite': No such file or directory
$ cd /var/www/html/tanakalab-v2/releases/20160206155619
$ chmod -R 755 /var/www/html/tanakalab-v2/releases/20160206155619/storage
$ chmod -R g+s /var/www/html/tanakalab-v2/releases/20160206155619/storage
$ chown -R www-data:www-data /var/www/html/tanakalab-v2/releases/20160206155619/storage
cd /var/www/html/tanakalab-v2/releases/20160206155619
chmod -R 755 /var/www/html/tanakalab-v2/releases/20160206155619/storage
chmod -R g+s /var/www/html/tanakalab-v2/releases/20160206155619/storage
chown -R www-data:www-data /var/www/html/tanakalab-v2/releases/20160206155619/storage
chown: invalid user: `www-data:www-data'
$ cd /var/www/html/tanakalab-v2/releases/20160206155619
$ chmod -R 755 /var/www/html/tanakalab-v2/releases/20160206155619/public
$ chmod -R g+s /var/www/html/tanakalab-v2/releases/20160206155619/public
$ chown -R www-data:www-data /var/www/html/tanakalab-v2/releases/20160206155619/public
cd /var/www/html/tanakalab-v2/releases/20160206155619
chmod -R 755 /var/www/html/tanakalab-v2/releases/20160206155619/public
chmod -R g+s /var/www/html/tanakalab-v2/releases/20160206155619/public
chown -R www-data:www-data /var/www/html/tanakalab-v2/releases/20160206155619/public
chown: invalid user: `www-data:www-data'
$ rm -rf /var/www/html/tanakalab-v2/releases/20160206155619/storage/logs
rm -rf /var/www/html/tanakalab-v2/releases/20160206155619/storage/logs

$ ln -s /var/www/html/tanakalab-v2/shared/storage/logs /var/www/html/tanakalab-v2/releases/20160206155619/storage/logs-temp
$ mv -Tf /var/www/html/tanakalab-v2/releases/20160206155619/storage/logs-temp /var/www/html/tanakalab-v2/releases/20160206155619/storage/logs
ln -s /var/www/html/tanakalab-v2/shared/storage/logs /var/www/html/tanakalab-v2/releases/20160206155619/storage/logs-temp
mv -Tf /var/www/html/tanakalab-v2/releases/20160206155619/storage/logs-temp /var/www/html/tanakalab-v2/releases/20160206155619/storage/logs

$ rm -rf /var/www/html/tanakalab-v2/releases/20160206155619/storage/framework/sessions
rm -rf /var/www/html/tanakalab-v2/releases/20160206155619/storage/framework/sessions

$ ln -s /var/www/html/tanakalab-v2/shared/storage/framework/sessions /var/www/html/tanakalab-v2/releases/20160206155619/storage/framework/sessions-temp
$ mv -Tf /var/www/html/tanakalab-v2/releases/20160206155619/storage/framework/sessions-temp /var/www/html/tanakalab-v2/releases/20160206155619/storage/framework/sessions
ln -s /var/www/html/tanakalab-v2/shared/storage/framework/sessions /var/www/html/tanakalab-v2/releases/20160206155619/storage/framework/sessions-temp
mv -Tf /var/www/html/tanakalab-v2/releases/20160206155619/storage/framework/sessions-temp /var/www/html/tanakalab-v2/releases/20160206155619/storage/framework/sessions

$ ln -s /var/www/html/tanakalab-v2/releases/20160206155619 /var/www/html/tanakalab-v2/current-temp
$ mv -Tf /var/www/html/tanakalab-v2/current-temp /var/www/html/tanakalab-v2/current
ln -s /var/www/html/tanakalab-v2/releases/20160206155619 /var/www/html/tanakalab-v2/current-temp
mv -Tf /var/www/html/tanakalab-v2/current-temp /var/www/html/tanakalab-v2/current

$ cd /var/www/html/tanakalab-v2/releases/20160206155619
$ npm install --production
cd /var/www/html/tanakalab-v2/releases/20160206155619
npm install --production

$ cd /var/www/html/tanakalab-v2/releases/20160206155619
$ bower install
cd /var/www/html/tanakalab-v2/releases/20160206155619
bower install

$ cd /var/www/html/tanakalab-v2/releases/20160206155619
$ gulp
cd /var/www/html/tanakalab-v2/releases/20160206155619
gulp
[01:01:38] Using gulpfile /var/www/html/tanakalab-v2/releases/20160206155619/gulpfile.js
[01:01:38] Starting 'default'...
[01:01:38] Starting 'styles'...

Fetching Styles Source Files...
   - resources/assets/vendor/font-awesome/css/font-awesome.css


Saving To...
   - public/css/vendor.css

[01:01:40] Finished 'default' after 1.68 s
[01:01:40] gulp-notify: [Laravel Elixir] Stylesheets Merged!
[01:01:40] gulp-notify: [Error in notifier] Error in plugin 'gulp-notify'
Message:
    not found: notify-send
[01:01:40] Finished 'styles' after 1.77 s
[01:01:40] Starting 'styles'...

Fetching Styles Source Files...
   - resources/assets/css/index_common.css
   - resources/assets/css/index_pc.css
   - resources/assets/css/index_sp.css
   - resources/assets/css/detail_common.css
   - resources/assets/css/detail_sp.css
   - resources/assets/css/post_common.css
   - resources/assets/css/post_sp.css


Saving To...
   - public/css/app.css

[01:01:40] gulp-notify: [Laravel Elixir] Stylesheets Merged!
[01:01:40] gulp-notify: [Error in notifier] Error in plugin 'gulp-notify'
Message:
    notify-send must be installed on the system.
[01:01:40] Finished 'styles' after 69 ms
[01:01:40] Starting 'styles'...

Fetching Styles Source Files...
   - resources/assets/css/login.css


Saving To...
   - public/css/login.css

[01:01:40] gulp-notify: [Laravel Elixir] Stylesheets Merged!
[01:01:40] gulp-notify: [Error in notifier] Error in plugin 'gulp-notify'
Message:
    notify-send must be installed on the system.
[01:01:40] Finished 'styles' after 14 ms
[01:01:40] Starting 'scripts'...

Fetching Scripts Source Files...
   - resources/assets/vendor/jquery/dist/jquery.min.js
   - resources/assets/vendor/marked/marked.min.js


Saving To...
   - public/js/vendor.js

[01:01:42] gulp-notify: [Laravel Elixir] Scripts Merged!
[01:01:42] gulp-notify: [Error in notifier] Error in plugin 'gulp-notify'
Message:
    notify-send must be installed on the system.
[01:01:42] Finished 'scripts' after 2.14 s
[01:01:42] Starting 'scripts'...

Fetching Scripts Source Files...
   - resources/assets/js/const.js
   - resources/assets/js/article.js
   - resources/assets/js/article_view.js
   - resources/assets/js/comment.js
   - resources/assets/js/comment_view.js
   - resources/assets/js/app.js


Saving To...
   - public/js/app.js

[01:01:42] gulp-notify: [Laravel Elixir] Scripts Merged!
[01:01:42] gulp-notify: [Error in notifier] Error in plugin 'gulp-notify'
Message:
    notify-send must be installed on the system.
[01:01:42] Finished 'scripts' after 87 ms
[01:01:42] Starting 'version'...

Fetching Version Source Files...
   - public/js/app.js
   - public/js/vendor.js
   - public/css/vendor.css
   - public/css/app.css
   - public/css/login.css


Saving To...
   - public/build

[01:01:42] Finished 'version' after 134 ms
$ cd /var/www/html/tanakalab-v2/releases/20160206155619
$ ln -sf /var/www/html/tanakalab-v2/shared/.env /var/www/html/tanakalab-v2/current/.env
cd /var/www/html/tanakalab-v2/releases/20160206155619
ln -sf /var/www/html/tanakalab-v2/shared/.env /var/www/html/tanakalab-v2/current/.env

$ cd /var/www/html/tanakalab-v2/releases/20160206155619
$ chmod -R 777 /var/www/html/tanakalab-v2/shared
cd /var/www/html/tanakalab-v2/releases/20160206155619
chmod -R 777 /var/www/html/tanakalab-v2/shared

$ cd /var/www/html/tanakalab-v2/releases/20160206155619
$ chmod -R 777 /var/www/html/tanakalab-v2/current/storage
cd /var/www/html/tanakalab-v2/releases/20160206155619
chmod -R 777 /var/www/html/tanakalab-v2/current/storage

$ cd /var/www/html/tanakalab-v2/releases/20160206155619
$ php -r "opcache_reset();"
cd /var/www/html/tanakalab-v2/releases/20160206155619
php -r "opcache_reset();"

$ cd /var/www/html/tanakalab-v2/releases/20160206155619
$ sudo service php-fpm reload
cd /var/www/html/tanakalab-v2/releases/20160206155619
sudo service php-fpm reload
Reloading php-fpm: [07-Feb-2016 01:01:45] NOTICE: configuration file /etc/php-fpm.conf test is successful

[  OK  ]
|=> No releases to prune from the server